0 info it worked if it ends with ok
1 verbose cli [ '/usr/local/bin/node',
1 verbose cli   '/usr/local/bin/npm',
1 verbose cli   'install',
1 verbose cli   'angular-responsive-tables',
1 verbose cli   '--save' ]
2 info using npm@2.15.1
3 info using node@v4.4.4
4 verbose install initial load of /Users/poo/fe-testing/_sfend-testing/corporate-dashor/source/package.json
5 verbose installManyTop reading scoped package data from /Users/poo/fe-testing/_sfend-testing/corporate-dashor/source/node_modules/angular-chart.js/package.json
6 verbose installManyTop reading scoped package data from /Users/poo/fe-testing/_sfend-testing/corporate-dashor/source/node_modules/angular-smart-table/package.json
7 verbose installManyTop reading scoped package data from /Users/poo/fe-testing/_sfend-testing/corporate-dashor/source/node_modules/browser-sync/package.json
8 verbose installManyTop reading scoped package data from /Users/poo/fe-testing/_sfend-testing/corporate-dashor/source/node_modules/chart.js/package.json
9 verbose installManyTop reading scoped package data from /Users/poo/fe-testing/_sfend-testing/corporate-dashor/source/node_modules/concat/package.json
10 verbose installManyTop reading scoped package data from /Users/poo/fe-testing/_sfend-testing/corporate-dashor/source/node_modules/del/package.json
11 verbose installManyTop reading scoped package data from /Users/poo/fe-testing/_sfend-testing/corporate-dashor/source/node_modules/gulp/package.json
12 verbose installManyTop reading scoped package data from /Users/poo/fe-testing/_sfend-testing/corporate-dashor/source/node_modules/gulp-autoprefixer/package.json
13 verbose installManyTop reading scoped package data from /Users/poo/fe-testing/_sfend-testing/corporate-dashor/source/node_modules/gulp-cache/package.json
14 verbose installManyTop reading scoped package data from /Users/poo/fe-testing/_sfend-testing/corporate-dashor/source/node_modules/gulp-concat/package.json
15 verbose installManyTop reading scoped package data from /Users/poo/fe-testing/_sfend-testing/corporate-dashor/source/node_modules/gulp-concat-css/package.json
16 verbose installManyTop reading scoped package data from /Users/poo/fe-testing/_sfend-testing/corporate-dashor/source/node_modules/gulp-cssnano/package.json
17 verbose installManyTop reading scoped package data from /Users/poo/fe-testing/_sfend-testing/corporate-dashor/source/node_modules/gulp-if/package.json
18 verbose installManyTop reading scoped package data from /Users/poo/fe-testing/_sfend-testing/corporate-dashor/source/node_modules/gulp-imagemin/package.json
19 verbose installManyTop reading scoped package data from /Users/poo/fe-testing/_sfend-testing/corporate-dashor/source/node_modules/gulp-ng-annotate/package.json
20 verbose installManyTop reading scoped package data from /Users/poo/fe-testing/_sfend-testing/corporate-dashor/source/node_modules/gulp-rename/package.json
21 verbose installManyTop reading scoped package data from /Users/poo/fe-testing/_sfend-testing/corporate-dashor/source/node_modules/gulp-sass/package.json
22 verbose installManyTop reading scoped package data from /Users/poo/fe-testing/_sfend-testing/corporate-dashor/source/node_modules/gulp-uglify/package.json
23 verbose installManyTop reading scoped package data from /Users/poo/fe-testing/_sfend-testing/corporate-dashor/source/node_modules/gulp-uglifycss/package.json
24 verbose installManyTop reading scoped package data from /Users/poo/fe-testing/_sfend-testing/corporate-dashor/source/node_modules/gulp-useref/package.json
25 verbose installManyTop reading scoped package data from /Users/poo/fe-testing/_sfend-testing/corporate-dashor/source/node_modules/run-sequence/package.json
26 verbose installManyTop reading scoped package data from /Users/poo/fe-testing/_sfend-testing/corporate-dashor/source/node_modules/save/package.json
27 info package.json gulp-concat-css@2.3.0 No license field.
28 info package.json gulp-rename@1.2.2 No license field.
29 verbose readDependencies loading dependencies from /Users/poo/fe-testing/_sfend-testing/corporate-dashor/source/package.json
30 silly cache add args [ 'angular-responsive-tables', null ]
31 verbose cache add spec angular-responsive-tables
32 silly cache add parsed spec Result {
32 silly cache add   raw: 'angular-responsive-tables',
32 silly cache add   scope: null,
32 silly cache add   name: 'angular-responsive-tables',
32 silly cache add   rawSpec: '',
32 silly cache add   spec: 'latest',
32 silly cache add   type: 'tag' }
33 silly addNamed angular-responsive-tables@latest
34 verbose addNamed "latest" is being treated as a dist-tag for angular-responsive-tables
35 info addNameTag [ 'angular-responsive-tables', 'latest' ]
36 silly mapToRegistry name angular-responsive-tables
37 silly mapToRegistry using default registry
38 silly mapToRegistry registry http://registry.npmjs.org/
39 silly mapToRegistry data Result {
39 silly mapToRegistry   raw: 'angular-responsive-tables',
39 silly mapToRegistry   scope: null,
39 silly mapToRegistry   name: 'angular-responsive-tables',
39 silly mapToRegistry   rawSpec: '',
39 silly mapToRegistry   spec: 'latest',
39 silly mapToRegistry   type: 'tag' }
40 silly mapToRegistry uri http://registry.npmjs.org/angular-responsive-tables
41 verbose addNameTag registry:http://registry.npmjs.org/angular-responsive-tables not in flight; fetching
42 verbose request uri http://registry.npmjs.org/angular-responsive-tables
43 verbose request no auth needed
44 info attempt registry request try #1 at 12:45:46 PM
45 verbose request id 4b72a9385052bd65
46 http request GET http://registry.npmjs.org/angular-responsive-tables
47 http 404 http://registry.npmjs.org/angular-responsive-tables
48 verbose headers { 'content-type': 'application/json',
48 verbose headers   'cache-control': 'max-age=0',
48 verbose headers   'content-length': '2',
48 verbose headers   'accept-ranges': 'bytes',
48 verbose headers   date: 'Sat, 12 Nov 2016 20:45:46 GMT',
48 verbose headers   via: '1.1 varnish',
48 verbose headers   age: '0',
48 verbose headers   connection: 'keep-alive',
48 verbose headers   'x-served-by': 'cache-sjc3134-SJC',
48 verbose headers   'x-cache': 'MISS',
48 verbose headers   'x-cache-hits': '0',
48 verbose headers   'x-timer': 'S1478983546.420070,VS0,VE131',
48 verbose headers   vary: 'Accept-Encoding' }
49 silly get cb [ 404,
49 silly get   { 'content-type': 'application/json',
49 silly get     'cache-control': 'max-age=0',
49 silly get     'content-length': '2',
49 silly get     'accept-ranges': 'bytes',
49 silly get     date: 'Sat, 12 Nov 2016 20:45:46 GMT',
49 silly get     via: '1.1 varnish',
49 silly get     age: '0',
49 silly get     connection: 'keep-alive',
49 silly get     'x-served-by': 'cache-sjc3134-SJC',
49 silly get     'x-cache': 'MISS',
49 silly get     'x-cache-hits': '0',
49 silly get     'x-timer': 'S1478983546.420070,VS0,VE131',
49 silly get     vary: 'Accept-Encoding' } ]
50 verbose stack Error: Registry returned 404 for GET on http://registry.npmjs.org/angular-responsive-tables
50 verbose stack     at makeError (/usr/local/lib/node_modules/npm/node_modules/npm-registry-client/lib/request.js:264:12)
50 verbose stack     at CachingRegistryClient.<anonymous> (/usr/local/lib/node_modules/npm/node_modules/npm-registry-client/lib/request.js:242:14)
50 verbose stack     at Request._callback (/usr/local/lib/node_modules/npm/node_modules/npm-registry-client/lib/request.js:172:14)
50 verbose stack     at Request.self.callback (/usr/local/lib/node_modules/npm/node_modules/request/request.js:199:22)
50 verbose stack     at emitTwo (events.js:87:13)
50 verbose stack     at Request.emit (events.js:172:7)
50 verbose stack     at Request.<anonymous> (/usr/local/lib/node_modules/npm/node_modules/request/request.js:1036:10)
50 verbose stack     at emitOne (events.js:82:20)
50 verbose stack     at Request.emit (events.js:169:7)
50 verbose stack     at IncomingMessage.<anonymous> (/usr/local/lib/node_modules/npm/node_modules/request/request.js:963:12)
51 verbose statusCode 404
52 verbose pkgid angular-responsive-tables
53 verbose cwd /Users/poo/fe-testing/_sfend-testing/corporate-dashor/source
54 error Darwin 14.5.0
55 error argv "/usr/local/bin/node" "/usr/local/bin/npm" "install" "angular-responsive-tables" "--save"
56 error node v4.4.4
57 error npm  v2.15.1
58 error code E404
59 error 404 Registry returned 404 for GET on http://registry.npmjs.org/angular-responsive-tables
59 error 404
59 error 404 'angular-responsive-tables' is not in the npm registry.
59 error 404 You should bug the author to publish it (or use the name yourself!)
59 error 404 It was specified as a dependency of 'dashor'
59 error 404
59 error 404 Note that you can also install from a
59 error 404 tarball, folder, http url, or git url.
60 verbose exit [ 1, true ]
